[ 2017-11-10T10:38:10+08:00 ] 119.123.121.208 /gh/tp/Home/Index/commont
INFO: [ app_init ] --START--
INFO: Run Behavior\BuildLiteBehavior [ RunTime:0.000020s ]
INFO: [ app_init ] --END-- [ RunTime:0.000159s ]
NOTIC: [8] Use of undefined constant __CONTROLLER__ - assumed '__CONTROLLER__' /www/web/kb_whwjr_vip/public_html/gh/tp/App/Home/Conf/config.php 第 14 行.
INFO: [ app_begin ] --START--
INFO: Run Behavior\ReadHtmlCacheBehavior [ RunTime:0.000088s ]
INFO: [ app_begin ] --END-- [ RunTime:0.000123s ]
SQL: SHOW COLUMNS FROM `registration` [ RunTime:0.0005s ]
NOTIC: [8] Undefined index: sex /www/web/kb_whwjr_vip/public_html/gh/tp/App/Home/Controller/IndexController.class.php 第 24 行.
NOTIC: [8] Undefined index: age /www/web/kb_whwjr_vip/public_html/gh/tp/App/Home/Controller/IndexController.class.php 第 25 行.
NOTIC: [8] Undefined index: cnmwda /www/web/kb_whwjr_vip/public_html/gh/tp/App/Home/Controller/IndexController.class.php 第 30 行.
SQL: INSERT INTO `registration` (`name`,`sex`,`age`,`tel`,`tel_hiden`,`ks`,`content`,`whereform`,`date`,`status`) VALUES ('454',NULL,NULL,'12312312310','123****2310','内分泌科','61',NULL,'0001-12-31','0') [ RunTime:0.0002s ]
SQL: SELECT * FROM `registration` ORDER BY id desc LIMIT 20   [ RunTime:0.0004s ]

[ 2017-11-10T10:51:49+08:00 ] 119.123.122.102 /gh/tp/Home/Index/commont
INFO: [ app_init ] --START--
INFO: Run Behavior\BuildLiteBehavior [ RunTime:0.000015s ]
INFO: [ app_init ] --END-- [ RunTime:0.000159s ]
NOTIC: [8] Use of undefined constant __CONTROLLER__ - assumed '__CONTROLLER__' /www/web/kb_whwjr_vip/public_html/gh/tp/App/Home/Conf/config.php 第 14 行.
INFO: [ app_begin ] --START--
INFO: Run Behavior\ReadHtmlCacheBehavior [ RunTime:0.000069s ]
INFO: [ app_begin ] --END-- [ RunTime:0.000103s ]
SQL: SHOW COLUMNS FROM `registration` [ RunTime:0.0006s ]
NOTIC: [8] Undefined index: sex /www/web/kb_whwjr_vip/public_html/gh/tp/App/Home/Controller/IndexController.class.php 第 24 行.
NOTIC: [8] Undefined index: age /www/web/kb_whwjr_vip/public_html/gh/tp/App/Home/Controller/IndexController.class.php 第 25 行.
NOTIC: [8] Undefined index: cnmwda /www/web/kb_whwjr_vip/public_html/gh/tp/App/Home/Controller/IndexController.class.php 第 30 行.
SQL: INSERT INTO `registration` (`name`,`sex`,`age`,`tel`,`tel_hiden`,`ks`,`content`,`whereform`,`date`,`status`) VALUES ('12312312310',NULL,NULL,'12312312310','123****2310','小儿神经科','12312312310',NULL,'2017-12-31','0') [ RunTime:0.0002s ]
SQL: SELECT * FROM `registration` ORDER BY id desc LIMIT 20   [ RunTime:0.0005s ]

[ 2017-11-10T10:51:57+08:00 ] 119.123.122.102 /gh/tp/Home/Index/commont
INFO: [ app_init ] --START--
INFO: Run Behavior\BuildLiteBehavior [ RunTime:0.000014s ]
INFO: [ app_init ] --END-- [ RunTime:0.000107s ]
NOTIC: [8] Use of undefined constant __CONTROLLER__ - assumed '__CONTROLLER__' /www/web/kb_whwjr_vip/public_html/gh/tp/App/Home/Conf/config.php 第 14 行.
INFO: [ app_begin ] --START--
INFO: Run Behavior\ReadHtmlCacheBehavior [ RunTime:0.000061s ]
INFO: [ app_begin ] --END-- [ RunTime:0.000092s ]
SQL: SHOW COLUMNS FROM `registration` [ RunTime:0.0005s ]
NOTIC: [8] Undefined index: sex /www/web/kb_whwjr_vip/public_html/gh/tp/App/Home/Controller/IndexController.class.php 第 24 行.
NOTIC: [8] Undefined index: age /www/web/kb_whwjr_vip/public_html/gh/tp/App/Home/Controller/IndexController.class.php 第 25 行.
NOTIC: [8] Undefined index: cnmwda /www/web/kb_whwjr_vip/public_html/gh/tp/App/Home/Controller/IndexController.class.php 第 30 行.
SQL: INSERT INTO `registration` (`name`,`sex`,`age`,`tel`,`tel_hiden`,`ks`,`content`,`whereform`,`date`,`status`) VALUES ('12312312310',NULL,NULL,'12312312310','123****2310','小儿神经科','12312312310',NULL,'2017-12-31','0') [ RunTime:0.0002s ]
SQL: SELECT * FROM `registration` ORDER BY id desc LIMIT 20   [ RunTime:0.0004s ]

[ 2017-11-10T10:52:19+08:00 ] 119.123.122.102 /gh/tp/
INFO: [ app_init ] --START--
INFO: Run Behavior\BuildLiteBehavior [ RunTime:0.000024s ]
INFO: [ app_init ] --END-- [ RunTime:0.000125s ]
NOTIC: [8] Use of undefined constant __CONTROLLER__ - assumed '__CONTROLLER__' /www/web/kb_whwjr_vip/public_html/gh/tp/App/Home/Conf/config.php 第 14 行.
INFO: [ app_begin ] --START--
INFO: Run Behavior\ReadHtmlCacheBehavior [ RunTime:0.000075s ]
INFO: [ app_begin ] --END-- [ RunTime:0.000107s ]

[ 2017-11-10T10:52:19+08:00 ] 119.123.122.102 /gh/tp/index.php/Home/Login/index.html
INFO: [ app_init ] --START--
INFO: Run Behavior\BuildLiteBehavior [ RunTime:0.000013s ]
INFO: [ app_init ] --END-- [ RunTime:0.000112s ]
NOTIC: [8] Use of undefined constant __CONTROLLER__ - assumed '__CONTROLLER__' /www/web/kb_whwjr_vip/public_html/gh/tp/App/Home/Conf/config.php 第 14 行.
INFO: [ app_begin ] --START--
INFO: Run Behavior\ReadHtmlCacheBehavior [ RunTime:0.000060s ]
INFO: [ app_begin ] --END-- [ RunTime:0.000091s ]
INFO: [ view_parse ] --START--
INFO: [ template_filter ] --START--
INFO: Run Behavior\ContentReplaceBehavior [ RunTime:0.000055s ]
INFO: [ template_filter ] --END-- [ RunTime:0.000091s ]
INFO: Run Behavior\ParseTemplateBehavior [ RunTime:0.002040s ]
INFO: [ view_parse ] --END-- [ RunTime:0.002077s ]
INFO: [ view_filter ] --START--
INFO: Run Behavior\WriteHtmlCacheBehavior [ RunTime:0.000067s ]
INFO: [ view_filter ] --END-- [ RunTime:0.000106s ]
INFO: [ app_end ] --START--
INFO: Run Behavior\ShowPageTraceBehavior [ RunTime:0.000066s ]
INFO: [ app_end ] --END-- [ RunTime:0.000092s ]

[ 2017-11-10T10:52:19+08:00 ] 119.123.122.102 /gh/tp/index.php/Home/Login/verify
INFO: [ app_init ] --START--
INFO: Run Behavior\BuildLiteBehavior [ RunTime:0.000015s ]
INFO: [ app_init ] --END-- [ RunTime:0.000118s ]
NOTIC: [8] Use of undefined constant __CONTROLLER__ - assumed '__CONTROLLER__' /www/web/kb_whwjr_vip/public_html/gh/tp/App/Home/Conf/config.php 第 14 行.
INFO: [ app_begin ] --START--
INFO: Run Behavior\ReadHtmlCacheBehavior [ RunTime:0.000067s ]
INFO: [ app_begin ] --END-- [ RunTime:0.000100s ]
INFO: [ app_end ] --START--
INFO: Run Behavior\ShowPageTraceBehavior [ RunTime:0.000079s ]
INFO: [ app_end ] --END-- [ RunTime:0.000122s ]

[ 2017-11-10T10:52:34+08:00 ] 119.123.122.102 /gh/tp/index.php/Home/Login/checkAdmin
INFO: [ app_init ] --START--
INFO: Run Behavior\BuildLiteBehavior [ RunTime:0.000015s ]
INFO: [ app_init ] --END-- [ RunTime:0.000106s ]
NOTIC: [8] Use of undefined constant __CONTROLLER__ - assumed '__CONTROLLER__' /www/web/kb_whwjr_vip/public_html/gh/tp/App/Home/Conf/config.php 第 14 行.
INFO: [ app_begin ] --START--
INFO: Run Behavior\ReadHtmlCacheBehavior [ RunTime:0.000061s ]
INFO: [ app_begin ] --END-- [ RunTime:0.000092s ]
SQL: SHOW COLUMNS FROM `tp_admin` [ RunTime:0.0005s ]
SQL: SELECT * FROM `tp_admin` WHERE `name` = 'admin' LIMIT 1   [ RunTime:0.0001s ]

[ 2017-11-10T10:52:35+08:00 ] 119.123.122.102 /gh/tp/index.php/Home/Index
INFO: [ app_init ] --START--
INFO: Run Behavior\BuildLiteBehavior [ RunTime:0.000014s ]
INFO: [ app_init ] --END-- [ RunTime:0.000110s ]
NOTIC: [8] Use of undefined constant __CONTROLLER__ - assumed '__CONTROLLER__' /www/web/kb_whwjr_vip/public_html/gh/tp/App/Home/Conf/config.php 第 14 行.
INFO: [ app_begin ] --START--
INFO: Run Behavior\ReadHtmlCacheBehavior [ RunTime:0.000066s ]
INFO: [ app_begin ] --END-- [ RunTime:0.000098s ]
INFO: [ view_parse ] --START--
INFO: [ template_filter ] --START--
INFO: Run Behavior\ContentReplaceBehavior [ RunTime:0.000091s ]
INFO: [ template_filter ] --END-- [ RunTime:0.000129s ]
INFO: Run Behavior\ParseTemplateBehavior [ RunTime:0.004158s ]
INFO: [ view_parse ] --END-- [ RunTime:0.004194s ]
INFO: [ view_filter ] --START--
INFO: Run Behavior\WriteHtmlCacheBehavior [ RunTime:0.000061s ]
INFO: [ view_filter ] --END-- [ RunTime:0.000087s ]
INFO: [ app_end ] --START--
INFO: Run Behavior\ShowPageTraceBehavior [ RunTime:0.000078s ]
INFO: [ app_end ] --END-- [ RunTime:0.000112s ]

[ 2017-11-10T10:52:35+08:00 ] 119.123.122.102 /gh/tp/index.php/Home/Index/welcome.html
INFO: [ app_init ] --START--
INFO: Run Behavior\BuildLiteBehavior [ RunTime:0.000016s ]
INFO: [ app_init ] --END-- [ RunTime:0.000127s ]
NOTIC: [8] Use of undefined constant __CONTROLLER__ - assumed '__CONTROLLER__' /www/web/kb_whwjr_vip/public_html/gh/tp/App/Home/Conf/config.php 第 14 行.
INFO: [ app_begin ] --START--
INFO: Run Behavior\ReadHtmlCacheBehavior [ RunTime:0.000100s ]
INFO: [ app_begin ] --END-- [ RunTime:0.000135s ]
INFO: [ view_parse ] --START--
INFO: [ template_filter ] --START--
INFO: Run Behavior\ContentReplaceBehavior [ RunTime:0.000077s ]
INFO: [ template_filter ] --END-- [ RunTime:0.000117s ]
INFO: Run Behavior\ParseTemplateBehavior [ RunTime:0.003310s ]
INFO: [ view_parse ] --END-- [ RunTime:0.003347s ]
INFO: [ view_filter ] --START--
INFO: Run Behavior\WriteHtmlCacheBehavior [ RunTime:0.000069s ]
INFO: [ view_filter ] --END-- [ RunTime:0.000093s ]
INFO: [ app_end ] --START--
INFO: Run Behavior\ShowPageTraceBehavior [ RunTime:0.000068s ]
INFO: [ app_end ] --END-- [ RunTime:0.000094s ]

[ 2017-11-10T10:52:37+08:00 ] 119.123.122.102 /gh/tp/index.php/Home/article/ready
INFO: [ app_init ] --START--
INFO: Run Behavior\BuildLiteBehavior [ RunTime:0.000020s ]
INFO: [ app_init ] --END-- [ RunTime:0.000142s ]
NOTIC: [8] Use of undefined constant __CONTROLLER__ - assumed '__CONTROLLER__' /www/web/kb_whwjr_vip/public_html/gh/tp/App/Home/Conf/config.php 第 14 行.
INFO: [ app_begin ] --START--
INFO: Run Behavior\ReadHtmlCacheBehavior [ RunTime:0.000066s ]
INFO: [ app_begin ] --END-- [ RunTime:0.000109s ]
SQL: SHOW COLUMNS FROM `registration` [ RunTime:0.0006s ]
SQL: SELECT COUNT(*) AS tp_count FROM `registration` WHERE `status` = 0 LIMIT 1   [ RunTime:0.0003s ]
SQL: SELECT * FROM `registration` WHERE ( status=0 ) ORDER BY id desc LIMIT 0,10   [ RunTime:0.0003s ]
INFO: [ view_parse ] --START--
INFO: [ template_filter ] --START--
INFO: Run Behavior\ContentReplaceBehavior [ RunTime:0.000079s ]
INFO: [ template_filter ] --END-- [ RunTime:0.000116s ]
NOTIC: [8] Undefined variable: dp /www/web/kb_whwjr_vip/public_html/gh/tp/App/Runtime/Cache/Home/4d80545e26918265634a656d76a447f2.php 第 38 行.
NOTIC: [8] Undefined variable: D /www/web/kb_whwjr_vip/public_html/gh/tp/App/Runtime/Cache/Home/4d80545e26918265634a656d76a447f2.php 第 38 行.
NOTIC: [8] Undefined variable: D /www/web/kb_whwjr_vip/public_html/gh/tp/App/Runtime/Cache/Home/4d80545e26918265634a656d76a447f2.php 第 41 行.
NOTIC: [8] Undefined variable: dp /www/web/kb_whwjr_vip/public_html/gh/tp/App/Runtime/Cache/Home/4d80545e26918265634a656d76a447f2.php 第 41 行.
INFO: Run Behavior\ParseTemplateBehavior [ RunTime:0.004845s ]
INFO: [ view_parse ] --END-- [ RunTime:0.004879s ]
INFO: [ view_filter ] --START--
INFO: Run Behavior\WriteHtmlCacheBehavior [ RunTime:0.000069s ]
INFO: [ view_filter ] --END-- [ RunTime:0.000096s ]
INFO: [ app_end ] --START--
INFO: Run Behavior\ShowPageTraceBehavior [ RunTime:0.000068s ]
INFO: [ app_end ] --END-- [ RunTime:0.000100s ]

[ 2017-11-10T10:52:42+08:00 ] 119.123.122.102 /gh/tp/Home/Index/commont
INFO: [ app_init ] --START--
INFO: Run Behavior\BuildLiteBehavior [ RunTime:0.000015s ]
INFO: [ app_init ] --END-- [ RunTime:0.000108s ]
NOTIC: [8] Use of undefined constant __CONTROLLER__ - assumed '__CONTROLLER__' /www/web/kb_whwjr_vip/public_html/gh/tp/App/Home/Conf/config.php 第 14 行.
INFO: [ app_begin ] --START--
INFO: Run Behavior\ReadHtmlCacheBehavior [ RunTime:0.000061s ]
INFO: [ app_begin ] --END-- [ RunTime:0.000093s ]
SQL: SHOW COLUMNS FROM `registration` [ RunTime:0.0008s ]
NOTIC: [8] Undefined index: sex /www/web/kb_whwjr_vip/public_html/gh/tp/App/Home/Controller/IndexController.class.php 第 24 行.
NOTIC: [8] Undefined index: age /www/web/kb_whwjr_vip/public_html/gh/tp/App/Home/Controller/IndexController.class.php 第 25 行.
NOTIC: [8] Undefined index: cnmwda /www/web/kb_whwjr_vip/public_html/gh/tp/App/Home/Controller/IndexController.class.php 第 30 行.
SQL: INSERT INTO `registration` (`name`,`sex`,`age`,`tel`,`tel_hiden`,`ks`,`content`,`whereform`,`date`,`status`) VALUES ('12312312310666',NULL,NULL,'12312312310','123****2310','小儿神经科','12312312310',NULL,'2017-12-31','0') [ RunTime:0.0002s ]
SQL: SELECT * FROM `registration` ORDER BY id desc LIMIT 20   [ RunTime:0.0004s ]

[ 2017-11-10T10:52:45+08:00 ] 119.123.122.102 /gh/tp/index.php/Home/article/ready
INFO: [ app_init ] --START--
INFO: Run Behavior\BuildLiteBehavior [ RunTime:0.000014s ]
INFO: [ app_init ] --END-- [ RunTime:0.000102s ]
NOTIC: [8] Use of undefined constant __CONTROLLER__ - assumed '__CONTROLLER__' /www/web/kb_whwjr_vip/public_html/gh/tp/App/Home/Conf/config.php 第 14 行.
INFO: [ app_begin ] --START--
INFO: Run Behavior\ReadHtmlCacheBehavior [ RunTime:0.000060s ]
INFO: [ app_begin ] --END-- [ RunTime:0.000092s ]
SQL: SHOW COLUMNS FROM `registration` [ RunTime:0.0005s ]
SQL: SELECT COUNT(*) AS tp_count FROM `registration` WHERE `status` = 0 LIMIT 1   [ RunTime:0.0003s ]
SQL: SELECT * FROM `registration` WHERE ( status=0 ) ORDER BY id desc LIMIT 0,10   [ RunTime:0.0002s ]
INFO: [ view_parse ] --START--
INFO: [ template_filter ] --START--
INFO: Run Behavior\ContentReplaceBehavior [ RunTime:0.000079s ]
INFO: [ template_filter ] --END-- [ RunTime:0.000114s ]
NOTIC: [8] Undefined variable: dp /www/web/kb_whwjr_vip/public_html/gh/tp/App/Runtime/Cache/Home/4d80545e26918265634a656d76a447f2.php 第 38 行.
NOTIC: [8] Undefined variable: D /www/web/kb_whwjr_vip/public_html/gh/tp/App/Runtime/Cache/Home/4d80545e26918265634a656d76a447f2.php 第 38 行.
NOTIC: [8] Undefined variable: D /www/web/kb_whwjr_vip/public_html/gh/tp/App/Runtime/Cache/Home/4d80545e26918265634a656d76a447f2.php 第 41 行.
NOTIC: [8] Undefined variable: dp /www/web/kb_whwjr_vip/public_html/gh/tp/App/Runtime/Cache/Home/4d80545e26918265634a656d76a447f2.php 第 41 行.
INFO: Run Behavior\ParseTemplateBehavior [ RunTime:0.004657s ]
INFO: [ view_parse ] --END-- [ RunTime:0.004696s ]
INFO: [ view_filter ] --START--
INFO: Run Behavior\WriteHtmlCacheBehavior [ RunTime:0.000063s ]
INFO: [ view_filter ] --END-- [ RunTime:0.000089s ]
INFO: [ app_end ] --START--
INFO: Run Behavior\ShowPageTraceBehavior [ RunTime:0.000076s ]
INFO: [ app_end ] --END-- [ RunTime:0.000108s ]

[ 2017-11-10T10:59:53+08:00 ] 119.123.122.102 /gh/tp/Home/Index/commont
INFO: [ app_init ] --START--
INFO: Run Behavior\BuildLiteBehavior [ RunTime:0.000014s ]
INFO: [ app_init ] --END-- [ RunTime:0.000111s ]
NOTIC: [8] Use of undefined constant __CONTROLLER__ - assumed '__CONTROLLER__' /www/web/kb_whwjr_vip/public_html/gh/tp/App/Home/Conf/config.php 第 14 行.
INFO: [ app_begin ] --START--
INFO: Run Behavior\ReadHtmlCacheBehavior [ RunTime:0.000062s ]
INFO: [ app_begin ] --END-- [ RunTime:0.000093s ]
SQL: SHOW COLUMNS FROM `registration` [ RunTime:0.0005s ]
NOTIC: [8] Undefined index: sex /www/web/kb_whwjr_vip/public_html/gh/tp/App/Home/Controller/IndexController.class.php 第 24 行.
NOTIC: [8] Undefined index: age /www/web/kb_whwjr_vip/public_html/gh/tp/App/Home/Controller/IndexController.class.php 第 25 行.
NOTIC: [8] Undefined index: cnmwda /www/web/kb_whwjr_vip/public_html/gh/tp/App/Home/Controller/IndexController.class.php 第 30 行.
SQL: INSERT INTO `registration` (`name`,`sex`,`age`,`tel`,`tel_hiden`,`ks`,`content`,`whereform`,`date`,`status`) VALUES ('12312312310',NULL,NULL,'12312312310','123****2310','呼吸科','12312312310',NULL,'2017-12-31','0') [ RunTime:0.0002s ]
SQL: SELECT * FROM `registration` ORDER BY id desc LIMIT 20   [ RunTime:0.0004s ]

[ 2017-11-10T11:00:29+08:00 ] 119.123.122.102 /gh/tp/Home/Index/commont
INFO: [ app_init ] --START--
INFO: Run Behavior\BuildLiteBehavior [ RunTime:0.000015s ]
INFO: [ app_init ] --END-- [ RunTime:0.000115s ]
NOTIC: [8] Use of undefined constant __CONTROLLER__ - assumed '__CONTROLLER__' /www/web/kb_whwjr_vip/public_html/gh/tp/App/Home/Conf/config.php 第 14 行.
INFO: [ app_begin ] --START--
INFO: Run Behavior\ReadHtmlCacheBehavior [ RunTime:0.000062s ]
INFO: [ app_begin ] --END-- [ RunTime:0.000094s ]
SQL: SHOW COLUMNS FROM `registration` [ RunTime:0.0006s ]
NOTIC: [8] Undefined index: sex /www/web/kb_whwjr_vip/public_html/gh/tp/App/Home/Controller/IndexController.class.php 第 24 行.
NOTIC: [8] Undefined index: age /www/web/kb_whwjr_vip/public_html/gh/tp/App/Home/Controller/IndexController.class.php 第 25 行.
NOTIC: [8] Undefined index: cnmwda /www/web/kb_whwjr_vip/public_html/gh/tp/App/Home/Controller/IndexController.class.php 第 30 行.
SQL: INSERT INTO `registration` (`name`,`sex`,`age`,`tel`,`tel_hiden`,`ks`,`content`,`whereform`,`date`,`status`) VALUES ('12312312310',NULL,NULL,'12312312310','123****2310','呼吸科','12312312310',NULL,'2017-12-31','0') [ RunTime:0.0002s ]
SQL: SELECT * FROM `registration` ORDER BY id desc LIMIT 20   [ RunTime:0.0004s ]

[ 2017-11-10T11:00:49+08:00 ] 119.123.122.102 /gh/tp/Home/Index/commont
INFO: [ app_init ] --START--
INFO: Run Behavior\BuildLiteBehavior [ RunTime:0.000015s ]
INFO: [ app_init ] --END-- [ RunTime:0.000112s ]
NOTIC: [8] Use of undefined constant __CONTROLLER__ - assumed '__CONTROLLER__' /www/web/kb_whwjr_vip/public_html/gh/tp/App/Home/Conf/config.php 第 14 行.
INFO: [ app_begin ] --START--
INFO: Run Behavior\ReadHtmlCacheBehavior [ RunTime:0.000059s ]
INFO: [ app_begin ] --END-- [ RunTime:0.000090s ]
SQL: SHOW COLUMNS FROM `registration` [ RunTime:0.0005s ]
NOTIC: [8] Undefined index: sex /www/web/kb_whwjr_vip/public_html/gh/tp/App/Home/Controller/IndexController.class.php 第 24 行.
NOTIC: [8] Undefined index: age /www/web/kb_whwjr_vip/public_html/gh/tp/App/Home/Controller/IndexController.class.php 第 25 行.
NOTIC: [8] Undefined index: cnmwda /www/web/kb_whwjr_vip/public_html/gh/tp/App/Home/Controller/IndexController.class.php 第 30 行.
SQL: INSERT INTO `registration` (`name`,`sex`,`age`,`tel`,`tel_hiden`,`ks`,`content`,`whereform`,`date`,`status`) VALUES ('12312312310',NULL,NULL,'12312312310','123****2310','呼吸科','12312312310',NULL,'2017-12-31','0') [ RunTime:0.0002s ]
SQL: SELECT * FROM `registration` ORDER BY id desc LIMIT 20   [ RunTime:0.0004s ]

