[ 2017-11-22T14:41:42+08:00 ] 61.151.218.118 /gh/tp/
INFO: [ app_init ] --START--
INFO: Run Behavior\BuildLiteBehavior [ RunTime:0.000018s ]
INFO: [ app_init ] --END-- [ RunTime:0.000745s ]
NOTIC: [8] Use of undefined constant __CONTROLLER__ - assumed '__CONTROLLER__' /www/web/kb_whwjr_vip/public_html/gh/tp/App/Home/Conf/config.php 第 14 行.
INFO: [ app_begin ] --START--
INFO: Run Behavior\ReadHtmlCacheBehavior [ RunTime:0.000858s ]
INFO: [ app_begin ] --END-- [ RunTime:0.000903s ]

[ 2017-11-22T14:41:47+08:00 ] 61.151.218.118 /gh/tp/index.php/Home/Login/index.html
INFO: [ app_init ] --START--
INFO: Run Behavior\BuildLiteBehavior [ RunTime:0.000016s ]
INFO: [ app_init ] --END-- [ RunTime:0.000123s ]
NOTIC: [8] Use of undefined constant __CONTROLLER__ - assumed '__CONTROLLER__' /www/web/kb_whwjr_vip/public_html/gh/tp/App/Home/Conf/config.php 第 14 行.
INFO: [ app_begin ] --START--
INFO: Run Behavior\ReadHtmlCacheBehavior [ RunTime:0.000082s ]
INFO: [ app_begin ] --END-- [ RunTime:0.000115s ]
INFO: [ view_parse ] --START--
INFO: [ template_filter ] --START--
INFO: Run Behavior\ContentReplaceBehavior [ RunTime:0.000063s ]
INFO: [ template_filter ] --END-- [ RunTime:0.000131s ]
INFO: Run Behavior\ParseTemplateBehavior [ RunTime:0.039073s ]
INFO: [ view_parse ] --END-- [ RunTime:0.039133s ]
INFO: [ view_filter ] --START--
INFO: Run Behavior\WriteHtmlCacheBehavior [ RunTime:0.000637s ]
INFO: [ view_filter ] --END-- [ RunTime:0.000674s ]
INFO: [ app_end ] --START--
INFO: Run Behavior\ShowPageTraceBehavior [ RunTime:0.000953s ]
INFO: [ app_end ] --END-- [ RunTime:0.000989s ]

[ 2017-11-22T14:43:22+08:00 ] 61.129.10.43 /gh/tp/
INFO: [ app_init ] --START--
INFO: Run Behavior\BuildLiteBehavior [ RunTime:0.000014s ]
INFO: [ app_init ] --END-- [ RunTime:0.000116s ]
NOTIC: [8] Use of undefined constant __CONTROLLER__ - assumed '__CONTROLLER__' /www/web/kb_whwjr_vip/public_html/gh/tp/App/Home/Conf/config.php 第 14 行.
INFO: [ app_begin ] --START--
INFO: Run Behavior\ReadHtmlCacheBehavior [ RunTime:0.000063s ]
INFO: [ app_begin ] --END-- [ RunTime:0.000094s ]

[ 2017-11-22T14:43:22+08:00 ] 61.129.10.43 /gh/tp/index.php/Home/Login/index.html
INFO: [ app_init ] --START--
INFO: Run Behavior\BuildLiteBehavior [ RunTime:0.000017s ]
INFO: [ app_init ] --END-- [ RunTime:0.000124s ]
NOTIC: [8] Use of undefined constant __CONTROLLER__ - assumed '__CONTROLLER__' /www/web/kb_whwjr_vip/public_html/gh/tp/App/Home/Conf/config.php 第 14 行.
INFO: [ app_begin ] --START--
INFO: Run Behavior\ReadHtmlCacheBehavior [ RunTime:0.000077s ]
INFO: [ app_begin ] --END-- [ RunTime:0.000111s ]
INFO: [ view_parse ] --START--
INFO: [ template_filter ] --START--
INFO: Run Behavior\ContentReplaceBehavior [ RunTime:0.000058s ]
INFO: [ template_filter ] --END-- [ RunTime:0.000097s ]
INFO: Run Behavior\ParseTemplateBehavior [ RunTime:0.002514s ]
INFO: [ view_parse ] --END-- [ RunTime:0.002561s ]
INFO: [ view_filter ] --START--
INFO: Run Behavior\WriteHtmlCacheBehavior [ RunTime:0.000069s ]
INFO: [ view_filter ] --END-- [ RunTime:0.000095s ]
INFO: [ app_end ] --START--
INFO: Run Behavior\ShowPageTraceBehavior [ RunTime:0.000070s ]
INFO: [ app_end ] --END-- [ RunTime:0.000096s ]

[ 2017-11-22T14:43:22+08:00 ] 61.129.10.43 /gh/tp/index.php/Home/Login/verify
INFO: [ app_init ] --START--
INFO: Run Behavior\BuildLiteBehavior [ RunTime:0.000016s ]
INFO: [ app_init ] --END-- [ RunTime:0.000121s ]
NOTIC: [8] Use of undefined constant __CONTROLLER__ - assumed '__CONTROLLER__' /www/web/kb_whwjr_vip/public_html/gh/tp/App/Home/Conf/config.php 第 14 行.
INFO: [ app_begin ] --START--
INFO: Run Behavior\ReadHtmlCacheBehavior [ RunTime:0.000081s ]
INFO: [ app_begin ] --END-- [ RunTime:0.000116s ]
INFO: [ app_end ] --START--
INFO: Run Behavior\ShowPageTraceBehavior [ RunTime:0.000107s ]
INFO: [ app_end ] --END-- [ RunTime:0.000166s ]

